1
1
2
8
32
192
1152
9216
73728
737280
7372800
88473600
61683193
863564702
89905744
438491897
15870303
285665454
141978137
839562726
791254408
407596857
967130798
211138991
67335749
750729467
518966009
531048154
869348214
80446238
413387126
228387941
308414063
486078072
526654336
959555970
544014682
672557776
557195313
287812366
512494563
524771499
40402804
777723369
219827998
112087838
156040513
489944575
517339439
866971775
348588449
126599222
583159502
490612891
493095932
613372003
348831930
232251800
470604309
236258344
175500542
881033534
624078730
941038447
226460188
946372310
460572026
318897551
685033321
952332141
663249408
753957047
284907006
83118297
150753936
457299059
754728246
868802782
766616527
329321733
345738458
350553360
745375324
611526782
368249331
669442249
572033015
338904970
823637157
127343612
460925003
405099982
269198085
304619815
634262414
889191324
362366509
511917637
167928076
792807488
280748247
636320998
904741348
93099534
682351473
329255634
901096966
318471649
394937854
443163639
747999954
775994267
911357302
894731707
999413891
932010551
113223160
360332789
519268808
312256526
470782861
435508643
132054075
374705188
463442990
393816334
620857741
469790295
133157340
310454081
359030250
391992671
743032215
566316117
886359153
544843968
98779130
631519849
149738553
963397280
875618262
337792336
966511383
177638179
579897601
665049158
97176389
382105474
551609760
741463426
219513123
365994465
631158295
198376751
550019444
803032669
273095489
149086961
555739677
918347704
935631618
572321059
716010914
425789077
829408145
681751111
170683635
674850484
374880521
729688129
46981062
80742608
887728485
464755312
867423728
666575064
317210445
463458818
495669030
220424777
676459587
115643973
47202939
685340720
102691598
100637095
718499544
77913327
647705378
64020959
163982126
484567975
37050549
187806457
434452406
152670981
923512073
855389180
367056457
411290889
258177226
151799288
663455966
345016119
383287786
957283370
200372841
677550641
930532348
411791715
476259548
967023476
8975477
920752071
40941815
843431984
181307270
524984587
446639168
260616274
335579881
498733064
718739438
997632992
469788647
172233480
924766214
846695322
46532065
702374880
546221273
723334454
813592159
380563876
51946361
259341112
204502005
671476854
811490139
757632002
831679213
266368139
461089190
505761576
405823683
832625325
825828522
805472028
757061551
265386427
346606288
344783967
885559082
932005260
729334388
709602026
658117389
794285179
925574754
649434360
852932424
468293527
692903220
926448806
582483076
940497138
172236958
159504422
747184802
739895133
771684517
898187161
306906084
92266428
281001097
556302233
539415237
957434843
166884492
727657438
744081219
830902295
314445552
302536145
920264585
195669469
961467749
902709780
980414827
320297842
886373536
821070706
752644479
277475279
577731459
8510667
519157418
708909486
255025351
507604768
281429336
991658884
480980875
218184978
328232850
439251400
410927462
565657414
222482294
969510664
548303740
70765683
78892942
772383620
528454986
991774414
400712633
426616405
664015845
485068916
222052035
500754773
243035779
743591850
923757720
145014613
274763509
122430322
157145336
857960523
126970609
154241894
208308451
575022151
57397090
285422107
901827287
817620878
355854832
990642040
818291248
855604863
616861102
200217604
874855300
699931686
176361662
373857949
102565342
897869455
254307052
516081681
660750445
905655899
602186006
378216638
645122190
953742410
439780393
320940374
538533835
949246912
627379743
366224856
305846653
939874221
993962485
778191925
374626398
611766294
353527198
512116739
507425578
777164849
659651496
28960760
889245690
134868468
980280554
506607916
511006736
204571787
146422088
226081400
815256998
689199030
30823718
959602507
325770112
50342791
633688357
405834208
87008423
281318424
839458286
425478932
489655896
883045250
452007043
802815940
126373753
802248356
503836858
550089211
236039690
832113475
838068491
931941941
232309268
246799215
187677443
323105977
119661593
539899159
518250265
592108735
317232038
602990960
50219516
92196573
722560394
920484140
444304364
385049020
260783339
93701637
916897089
431951348
875175656
325529448
977661667
349837190
129665023
274619590
184901227
616934412
983401756
729966118
725157451
69276207
481530870
836643056
796228169
525304565
235225229
910451406
61324234
473256643
18974580
538560944
352423106
295242799
449744217
183873090
478382279
142317698
896869840
766383850
3800843
748387773
258373172
368404631
202938332
163385390
810820435
842320071
521150342
898358355
431707200
902382586
119812452
551476952
297119524
834653396
625706939
836500885
174418474
372029991
830334459
560537534
58014437
962958445
145967242
648144638
702002601
173261699
205185126
130340788
606304103
89008391
614111289
142752074
234019918
605838687
284309285
17404373
632568952
19335891
629273655
636825302
412648774
149683099
140915173
21246695
708334210
417107754
56522047
713199680
305434906
771800975
618494499
669181276
620810918
96809619
760143823
234209924
852319944
501727905
895052977
427544785
323286646
755628036
437832034
423984213
167726058
223905892
774498373
935138088
752907013
40714097
578471263
746709767
249593265
282802579
16576129
884805088
255523850
471830341
844721687
149707788
842204960
475085128
496137577
898840005
968959304
51776281
269849230
877377011
802598668
429264313
95370498
644514532
772019179
698622177
36683349
395941904
143697084
182972312
98549382
187653535
85978865
320121794
908446975
364090316
346936789
366221202
281198883
720964431
507793945
442546627
251575626
901257071
519041007
929535939
553625255
888144654
571317127
221297096
909720599
637943731
7361390
284328952
479448909
998160903
925963278
614477114
83586284
148734649
455973003
24069887
201233232
130072511
2925973
738027955
388602204
606911967
719529805
278820380
734586078
751643720
986228850
709763549
277653509
702718267
441830300
749159931
990915015
476324906
605540825
379900667
739405253
516011672
799141059
672606796
980569860
31029532
114191579
570395332
504312712
673879256
805135801
794464722
157053626
1461938
912249312
68065315
608886896
380968014
247911119
184003878
922442335
983551646
604635925
339173769
36168041
2873915
827809933
142733558
64009367
965994600
236539674
858469651
137512085
557782124
211685343
748730626
679981015
627694640
746123878
980517312
336248341
233916799
513751884
993729791
899278771
926869653
26488112
429177577
398843692
236834879
311019048
894608341
230717598
196484001
465375754
940250001
206496284
939516753
597186615
115029250
69596961
769157470
873816228
952133556
738012257
896282246
886794061
246369151
38283209
32581938
155717686
199461110
32476068
213630358
123163850
490400512
414748880
347227445
892480494
811536555
960219037
471568956
325715270
46395798
198683588
283776282
508290893
787040836
354499685
149777764
844434072
792714400
485504908
795452845
998798967
152065767
358430753
768971353
431714116
517020218
84352211
58773812
846953857
725049670
685460761
789901446
569431381
851728702
541203759
666703757
26701680
278612827
158459687
724812590
764311492
890139314
241137442
548056551
985166342
171424627
139976835
463042506
947112026
180222219
283107822
367355536
373672606
770381303
541397638
634249320
344493517
614187829
727365933
160250365
226270727
797961166
279025671
711200452
977934379
450779119
84336884
421336327
844915692
66427309
86190636
160120361
50992069
651988036
206927830
265149701
513771353
493768249
251403106
71971640
986332582
530752527
556432840
340418131
441122781
664538997
695024113
558611484
248062631
475050
367688700
326429205
309061309
449696722
864047273
956868229
357213398
340875283
564469444
544041002
528142586
120069691
374776468
323854719
197516787
38260638
225903810
915816274
326483933
228240989
223343999
781821965
330279786
563267387
487371683
897343677
874936581
699133055
704706190
583772798
353326309
781003066
488466793
681165986
382112838
511396617
231256872
780578755
829944629
574923281
987547465
838725805
400252092
406208967
278932682
724797644
334063922
600541966
645492601
885899507
981188665
461831620
472915453
573992347
265659991
497790990
166518809
543648122
315234340
905437726
135058199
908653580
634387567
616777429
859481890
964782553
417338850
399309243
218380254
312933088
115524424
733662025
678068810
2346855
990133033
613072163
111334903
857336698
450861586
35791749
566153436
627337828
1177009
9873715
471647414
616773205
424952590
309130018
470073654
143634214
99960028
565383646
622234013
99119504
35728870
84116683
181513699
279944422
111534276
480956545
356017390
871231463
198756247
507983648
9639822
483043304
78104545
888208214
399639267
281109557
500846652
750130571
615681258
724953282
758509915
73819625
699465795
923484779
748417107
84888975
890743125
105834414
827634286
215583627
594095695
686121762
509581481
642492649
528365345
642268541
610757004
345841753
332626027
24430402
182804862
352423258
705162540
108231979
707564162
713639546
266540480
151077972
387421386
652829863
297810041
985235809
416937938
416776148
267605768
267727903
380580643
417672954
765152702
61702486
259906609
713144683
224550549
281110205
994709233
58417119
561588768
647083173
669845693
315255638
709786379
199191591
240094231
168764020
975705734
66206449
498887422
947497915
333021318
704207259
588476863
53015937
365139800
613087171
658982711
669501898
704806226
794747345
778456507
761328491
352689275
581701634
433564734
89271189
878883223
243421043
657883814
515759879
224039628
870358392
506917562
710031703
730747094
286170398
157624910
526661269
968072422
838677264
549003938
925847612
478958201
379033697
453020463
866091558
501904006
873538453
561831739
966090783
565505374
719305606
673933758
194415751
471592146
819405563
850312812
210929213
663636259
981709344
782499785
934779970
910403536
403529630
