39 79 103 61 85 9 34 1 45 6 74 11 48 
0

72 88 78 96 9 74 69 36 38 92 33 38 53 42 44 45 49 15 55 44 7 72 91 79 4 29 17 77 78 64 102 42 45 4 69 
0

10 69 20 47 93 53 16 77 26 99 14 6 45 1 50 51 4 72 62 7 32 10 15 2 73 48 83 49 52 44 33 61 
0

53 107 30 37 55 106 62 
0

52 68 22 91 49 4 94 52 65 32 84 74 85 17 79 26 99 59 77 75 24 30 
0

76 68 80 44 54 78 105 31 61 104 52 44 84 95 30 29 52 
0

5 
0

39 60 29 103 52 19 72 19 42 33 
0

49 32 41 92 86 50 22 48 4 18 100 47 102 87 77 
0

70 69 105 20 39 57 87 34 1 38 37 58 79 69 19 21 33 98 5 11 41 
0

58 44 83 89 22 9 107 98 2 70 99 106 21 69 55 40 103 95 77 71 84 87 72 35 107 104 25 44 46 104 1 103 79 15 17 101 62 16 
0

102 17 
0

100 38 83 87 9 10 74 17 80 89 103 83 16 35 79 80 78 17 76 10 52 
0

64 68 41 57 83 63 52 100 9 83 69 23 62 
0

32 67 25 43 49 20 19 103 54 29 75 63 46 44 5 29 
0

107 96 102 56 3 96 39 34 104 15 102 58 76 42 21 75 66 64 16 18 14 11 3 81 18 66 58 100 2 86 15 1 74 
0

95 77 104 27 42 33 80 76 
0

48 10 43 54 76 106 69 25 51 12 27 24 68 24 82 60 25 60 74 64 66 14 52 74 49 10 8 13 89 15 35 29 25 77 
0

32 7 15 56 57 65 82 12 25 106 
0

84 62 17 89 19 82 102 70 87 83 
0

26 95 60 41 22 20 65 98 34 96 104 49 83 92 45 96 36 70 94 60 46 88 76 67 106 89 61 107 68 75 10 
0

63 69 27 16 20 91 7 93 11 42 73 93 66 10 81 101 79 107 53 57 87 61 16 17 42 8 16 3 83 25 96 77 25 15 92 83 37 30 68 47 4 72 71 
0

82 
0

101 92 82 46 80 100 38 27 48 80 35 63 82 49 19 2 18 82 55 41 58 91 71 57 69 74 61 71 74 35 46 67 58 60 44 31 91 82 57 32 54 23 26 28 3 45 68 59 58 
0

100 47 37 63 104 105 68 57 107 34 23 45 100 12 36 36 42 20 10 31 51 102 92 76 61 95 52 
0

85 3 35 77 49 71 71 84 107 70 72 106 103 26 83 27 38 11 63 11 30 4 80 80 106 65 88 98 91 32 12 107 34 
0

77 15 49 79 98 87 42 63 
0

76 88 100 103 57 42 97 68 72 32 40 83 69 36 63 60 19 95 71 58 60 48 27 74 
0

37 65 8 10 59 25 86 78 56 13 28 97 2 95 61 72 66 76 34 102 31 93 52 57 95 2 10 35 67 83 102 104 79 2 6 30 65 23 1 13 35 28 2 75 54 102 40 12 
0

73 6 71 97 58 21 84 59 30 50 58 44 44 54 16 84 98 45 41 
0

45 92 87 4 26 55 57 59 26 69 60 30 6 23 
0

102 43 34 54 4 83 43 48 20 
0

63 103 18 39 76 31 16 60 50 19 17 36 8 75 61 8 27 90 13 
0

40 8 63 73 100 67 48 35 46 106 62 40 34 79 78 41 42 93 100 91 5 49 58 51 16 11 58 82 32 70 63 71 9 18 75 40 16 15 74 61 53 
0

100 86 39 3 58 80 95 89 102 31 30 52 81 46 101 70 59 64 72 14 66 80 70 33 13 18 86 18 10 31 85 
0

48 16 44 105 27 31 87 60 62 48 43 74 93 36 37 44 31 1 96 96 12 98 60 63 8 38 81 
0

1 97 58 87 5 101 17 70 25 35 22 18 82 64 23 68 31 59 43 61 98 71 88 42 61 40 104 107 9 9 16 
0

105 6 96 41 106 5 3 62 39 24 11 52 87 34 51 49 24 94 2 54 96 
0

95 88 60 23 87 1 32 34 9 68 39 36 2 38 79 4 31 49 28 42 101 46 7 44 95 30 69 28 83 57 88 2 37 79 25 16 79 95 50 88 55 20 16 56 57 27 60 20 
0

19 61 68 64 106 5 90 28 73 50 43 62 30 44 30 1 107 85 80 94 66 99 42 85 46 97 74 72 88 93 40 106 85 107 
0

83 43 16 
0

48 104 
0

41 65 60 70 105 59 47 77 46 5 107 19 90 45 47 56 10 28 80 88 65 57 19 98 71 101 46 5 41 42 21 81 
0

80 43 36 31 22 44 8 26 43 65 8 19 5 102 67 71 74 47 67 62 66 58 25 59 35 69 31 76 89 43 
0

61 85 42 23 106 85 70 64 59 
0

71 78 31 105 37 33 71 84 100 65 81 89 89 71 16 50 33 91 31 75 30 23 91 3 46 90 20 8 85 78 73 87 87 104 84 17 68 
0

32 60 44 44 41 25 46 56 7 78 79 37 45 1 99 28 42 37 49 61 83 26 71 48 6 50 83 21 
0

44 107 68 103 43 43 76 107 88 24 6 58 34 81 34 34 4 101 8 40 42 68 54 107 70 102 44 52 9 64 88 52 103 49 87 77 91 94 8 72 49 52 
0

83 65 95 48 68 88 55 40 61 55 93 99 17 19 35 68 28 31 49 11 65 29 29 73 12 15 81 15 64 25 8 78 21 102 18 89 14 73 21 6 20 6 105 75 64 71 75 91 33 
0

33 29 83 101 102 26 47 75 80 42 31 87 12 52 13 30 72 26 102 92 70 53 29 106 20 92 70 26 7 34 80 79 63 94 72 96 13 11 102 24 53 64 3 64 47 15 25 
0

79 58 102 80 3 24 79 62 47 80 87 
0

6 99 64 107 85 28 27 29 77 21 52 61 85 54 57 63 107 81 74 10 32 
0

90 73 23 61 27 2 72 46 94 9 37 50 48 14 77 74 43 85 27 26 39 43 12 95 105 11 68 71 60 31 71 42 104 25 34 23 26 105 107 12 
0

36 61 92 89 69 59 63 47 85 88 85 20 31 72 56 42 71 20 101 102 90 74 98 7 107 52 
0

36 52 83 80 19 76 65 39 37 55 101 83 71 14 99 90 44 102 77 17 66 96 49 99 10 15 89 
0

53 72 20 20 55 34 32 74 2 28 44 78 82 77 92 45 22 84 
0

65 
0

35 14 75 63 62 105 4 9 18 59 100 90 10 13 37 83 83 42 16 3 18 93 84 94 78 60 8 54 57 
0

102 91 17 
0

85 11 106 89 58 17 79 50 38 21 101 6 103 76 87 
0

78 104 104 93 90 6 
0

29 
0

33 32 92 56 88 93 72 98 92 53 48 40 64 97 77 
0

23 82 11 
0

61 60 1 96 56 25 78 100 2 106 90 73 70 75 60 50 60 25 40 83 9 19 15 72 47 91 
0

69 105 29 60 97 89 99 86 76 16 95 69 56 94 51 61 95 18 52 37 10 76 76 92 17 26 39 20 
0

61 107 34 58 67 25 48 48 16 26 17 70 52 85 58 38 28 50 64 85 101 100 26 70 107 49 18 25 87 37 97 41 75 23 98 35 47 77 82 101 34 30 102 86 7 52 55 74 101 
0

90 27 4 8 28 43 56 45 67 36 81 56 8 49 10 105 15 95 7 96 20 79 19 15 57 64 105 44 30 99 55 12 57 97 58 84 32 7 21 31 81 101 86 88 81 28 17 95 
0

23 84 35 102 34 49 90 29 46 65 59 76 51 2 64 41 60 40 4 105 60 34 78 54 52 58 66 79 74 54 25 29 69 98 62 34 78 83 62 56 41 13 24 91 54 88 63 45 59 106 
0

12 71 51 104 15 40 62 25 45 8 89 5 8 79 66 41 50 81 
0

105 14 47 60 36 100 79 99 76 31 29 49 42 99 31 38 46 2 99 2 47 39 90 90 46 62 49 87 43 61 14 40 74 60 99 2 92 71 32 
0

33 60 41 74 91 3 43 29 5 73 30 90 
0

52 72 89 6 13 107 87 73 13 19 78 4 49 12 95 51 82 87 83 35 20 88 57 22 23 85 65 28 46 47 70 97 12 90 34 63 21 13 68 33 31 77 37 12 88 63 62 63 42 
0

29 100 18 85 15 80 62 11 107 39 58 1 29 69 91 101 63 4 46 23 76 8 100 44 19 12 106 81 74 41 11 102 
0

67 11 86 39 4 97 77 43 86 
0

3 47 61 103 41 103 80 64 71 88 95 7 106 106 45 79 5 85 21 38 49 88 49 67 58 52 56 28 26 34 37 28 12 97 63 52 24 35 47 95 15 73 33 53 
0

77 24 76 93 84 45 35 64 93 101 53 77 88 12 102 53 48 62 103 37 56 86 61 22 65 87 
0

30 12 21 33 89 83 40 6 59 85 40 54 2 72 107 78 91 11 5 75 59 
0

70 27 53 88 19 6 45 105 81 6 49 33 39 69 9 10 74 67 
0

7 14 96 10 52 105 101 101 41 107 52 38 70 11 22 89 29 67 65 
0

40 2 7 73 40 75 13 50 41 79 75 86 24 102 96 7 32 21 1 72 20 52 42 21 62 102 2 23 61 105 
0

33 107 55 105 78 61 10 59 101 20 27 80 83 60 68 89 91 20 89 95 39 73 29 60 66 23 100 88 16 30 68 48 29 54 
0

106 7 93 97 1 44 55 80 19 7 79 1 98 98 21 85 29 25 45 20 91 106 52 71 14 81 32 61 41 85 37 78 24 61 67 24 105 14 35 16 
0

6 55 50 103 8 66 63 32 42 15 15 40 66 18 
0

78 88 46 50 104 83 20 20 36 19 43 33 71 9 88 
0

14 74 4 48 81 1 4 6 42 57 59 14 54 76 67 24 56 5 5 92 19 63 4 55 81 86 19 84 
0

106 38 1 73 42 87 85 
0

22 22 55 78 81 68 24 88 27 86 76 70 90 60 89 85 102 75 58 80 93 73 
0

92 4 106 96 84 85 5 57 107 27 4 77 39 71 33 19 29 11 26 99 33 17 12 10 12 86 106 91 3 
0

89 26 7 87 14 
0

104 19 78 103 
0

82 4 15 84 36 72 6 86 30 36 11 46 86 59 96 64 57 80 66 60 100 24 66 12 
0

87 8 94 58 42 2 32 84 16 8 13 88 52 30 10 87 79 94 104 30 83 60 18 94 58 78 18 81 75 29 49 55 75 75 5 48 76 75 25 24 82 76 43 
0

105 91 84 76 77 81 37 91 72 54 77 61 63 95 73 31 55 15 
0

23 21 89 70 28 56 94 51 69 101 93 66 98 76 43 105 85 16 73 68 19 20 77 80 82 64 45 5 11 98 21 72 11 41 35 78 28 60 21 97 54 46 55 83 53 29 13 
0

44 85 30 102 36 106 74 50 101 11 93 4 41 7 8 90 47 42 60 75 33 13 103 18 58 89 33 42 11 84 4 93 61 72 87 29 70 53 78 102 103 63 37 36 69 44 57 48 17 10 
0

50 61 49 67 11 30 31 91 79 7 94 65 107 58 44 28 59 29 37 92 63 99 22 30 100 65 86 79 82 27 25 63 87 5 22 29 34 53 13 45 98 38 2 
0

96 84 56 86 5 92 71 106 16 24 28 8 88 7 18 101 72 42 56 52 46 10 80 
0

101 24 55 91 62 95 13 50 72 68 67 8 53 69 7 68 92 
0

7 5 79 24 
0

